 ************ SYSTEM INFORMATION *************
 System temperature:    873.00000000000000     
 Total species:           23
 Cell No. in X:           25
 Cell No. in Y:           25
 ====================END======================

 reading data for ***species VAN       
 adsorption           5
 desorption           0
 combination          38
        5555   21083626.550220393     
        5555   21090874.265185840     
        5555   21137476.644191563     
        5555   689329272.90463161     
        5555   695702856.45935345     
        5555   814395342.72649705     
        5555   92199778125.921341     
        5555   323928692190.21240     
        5555   323929357447.27032     
        5555   323929357447.27032     
        5555   323965238204.15717     
        5555   323967438854.89764     
        5555   334862046960.79016     
        5555   729225360567.50830     
        5555   729225702818.04675     
        5555   729225820989.22852     
        5555   753413045379.20618     
        5555   753414972114.49683     
        5555   755939567830.37207     
        5555   755941254744.52515     
        5555   1058241407587.4907     
        5555   1058472118734.3038     
        5555   1058503533406.0085     
        5555   1112201823239.3723     
        5555   1457478654172.1316     
        5555   1971942248240.0425     
        5555   2007981290757.2573     
        5555   2008060949971.2161     
        5555   2458489154779.3105     
        5555   2614011578535.2012     
        5555   2617305020244.2666     
        5555   3067733225052.3613     
        5555   3095359040348.4893     
        5555   3440635871281.2485     
        5555   3442330227146.6875     
        5555   3445213733489.5264     
        5555   3676942647553.8174     
        5555   3723957100218.3027     
 transformation           0
 dissociative adsorption           4
 ndads2=            2
           1           1
 ndads2=            4
           1           2
 ndads2=            7
           1           3
 ndads2=           23
           1           4
 dissociative desorption           0
 read in species            1  succefully!!!!!!
 reading data for ***species O2        
 adsorption           0
 desorption           0
 combination           0
 transformation           0
 dissociative adsorption           0
 dissociative desorption           0
 read in species            2  succefully!!!!!!
 reading data for ***species O         
 adsorption           0
 desorption           0
 combination           7
        5555   1752673345412115.8     
        5555   1752673345430494.0     
        5555   1752673347357229.2     
        5555   1752673347365507.2     
        5555   1752673347444816.5     
        5555   1752673347460907.2     
        5555   1752673347851814.0     
 transformation           0
 dissociative adsorption           0
 dissociative desorption           1
 read in species            3  succefully!!!!!!
 reading data for ***species H2O       
 adsorption           0
 desorption           0
 combination           0
 transformation           0
 dissociative adsorption           0
 dissociative desorption           0
 read in species            4  succefully!!!!!!
 reading data for ***species H         
 adsorption           0
 desorption           0
 combination          10
        5555   1752709386894331.2     
        5555   1752709390639465.5     
        5555   1752709734399820.0     
        5555   1752713027841529.0     
        5555   1752713328813961.5     
        5555   1752713505666149.8     
        5555   1752713505667620.2     
        5555   1752713552475582.8     
        5555   1752713579980063.8     
        5555   1752713587259751.5     
 transformation           0
 dissociative adsorption           0
 dissociative desorption           3
 read in species            5  succefully!!!!!!
 reading data for ***species OH        
 adsorption           0
 desorption           0
 combination           0
 transformation           0
 dissociative adsorption           0
 dissociative desorption           0
 read in species            6  succefully!!!!!!
 reading data for ***species CH3CH2OH  
 adsorption           0
 desorption           0
 combination           0
 transformation           0
 dissociative adsorption           0
 dissociative desorption           0
 read in species            7  succefully!!!!!!
 reading data for ***species CH3CH2O   
 adsorption           0
 desorption           0
 combination           0
 transformation           0
 dissociative adsorption           0
 dissociative desorption           0
 read in species            8  succefully!!!!!!
 reading data for ***species CH3       
 adsorption           0
 desorption           0
 combination           4
        5555   1752713678473435.8     
        5555   1752713679138692.8     
        5555   1752713680431801.0     
        5555   1752713680549972.2     
 transformation           0
 dissociative adsorption           0
 dissociative desorption           0
 read in species            9  succefully!!!!!!
 reading data for ***species HCHO      
 adsorption           0
 desorption           0
 combination           1
        5555   1752713784468780.2     
 transformation           0
 dissociative adsorption           0
 dissociative desorption           0
 read in species           10  succefully!!!!!!
 reading data for ***species CH3CH2    
 adsorption           0
 desorption           0
 combination           0
 transformation           0
 dissociative adsorption           0
 dissociative desorption           0
 read in species           11  succefully!!!!!!
 reading data for ***species CH2CH2O   
 adsorption           0
 desorption           0
 combination           0
 transformation           0
 dissociative adsorption           0
 dissociative desorption           0
 read in species           12  succefully!!!!!!
 reading data for ***species CH3CHO    
 adsorption           0
 desorption           1
 combination           0
 transformation           0
 dissociative adsorption           0
 dissociative desorption           0
 read in species           13  succefully!!!!!!
 reading data for ***species CH4       
 adsorption           0
 desorption           1
 combination           0
 transformation           0
 dissociative adsorption           0
 dissociative desorption           0
 read in species           14  succefully!!!!!!
 reading data for ***species CH2       
 adsorption           0
 desorption           0
 combination           1
        5555   1753871859993709.2     
 transformation           0
 dissociative adsorption           0
 dissociative desorption           0
 read in species           15  succefully!!!!!!
 reading data for ***species CH        
 adsorption           0
 desorption           0
 combination           0
 transformation           0
 dissociative adsorption           0
 dissociative desorption           0
 read in species           16  succefully!!!!!!
 reading data for ***species C         
 adsorption           0
 desorption           0
 combination           0
 transformation           0
 dissociative adsorption           0
 dissociative desorption           0
 read in species           17  succefully!!!!!!
 reading data for ***species CO        
 adsorption           0
 desorption           1
 combination           0
 transformation           0
 dissociative adsorption           0
 dissociative desorption           0
 read in species           18  succefully!!!!!!
 reading data for ***species CO2       
 adsorption           0
 desorption           1
 combination           0
 transformation           0
 dissociative adsorption           0
 dissociative desorption           0
 read in species           19  succefully!!!!!!
 reading data for ***species CHO       
 adsorption           0
 desorption           0
 combination           0
 transformation           0
 dissociative adsorption           0
 dissociative desorption           0
 read in species           20  succefully!!!!!!
 reading data for ***species CH2CH2    
 adsorption           0
 desorption           1
 combination           0
 transformation           0
 dissociative adsorption           0
 dissociative desorption           0
 read in species           21  succefully!!!!!!
 reading data for ***species CH3CO     
 adsorption           0
 desorption           0
 combination           0
 transformation           0
 dissociative adsorption           0
 dissociative desorption           0
 read in species           22  succefully!!!!!!
 reading data for ***species H2        
 adsorption           0
 desorption           0
 combination           0
 transformation           0
 dissociative adsorption           0
 dissociative desorption           0
 read in species           23  succefully!!!!!!
 read in succefully!!!!!!
         789   999999995904.00000        9.9999998430674944E+017   999999995904.00000     
 Nloop :         100 Time:    4.7159616754831329E-010  sec.
 KMC STEP:         100
 Time:    4.7159616754831329E-010  sec.

 Nloop :         200 Time:    5.7187160469830089E-010  sec.
 KMC STEP:         200
 Time:    5.7187160469830089E-010  sec.

 Nloop :         300 Time:    6.5365271935986915E-010  sec.
 KMC STEP:         300
 Time:    6.5365271935986915E-010  sec.

 Nloop :         400 Time:    7.3016796465329925E-010  sec.
 KMC STEP:         400
 Time:    7.3016796465329925E-010  sec.

 Nloop :         500 Time:    8.2795332476904646E-010  sec.
 KMC STEP:         500
 Time:    8.2795332476904646E-010  sec.

 Nloop :         600 Time:    9.2467025517755377E-010  sec.
 KMC STEP:         600
 Time:    9.2467025517755377E-010  sec.

 Nloop :         700 Time:    1.0095359606125583E-009  sec.
 KMC STEP:         700
 Time:    1.0095359606125583E-009  sec.

 Nloop :         800 Time:    1.1004097851449379E-009  sec.
 KMC STEP:         800
 Time:    1.1004097851449379E-009  sec.

 Nloop :         900 Time:    1.1873468253905253E-009  sec.
 KMC STEP:         900
 Time:    1.1873468253905253E-009  sec.

 Nloop :        1000 Time:    1.2896947261032155E-009  sec.
 KMC STEP:        1000
 Time:    1.2896947261032155E-009  sec.

 Nloop :        1100 Time:    1.3924858016480752E-009  sec.
 KMC STEP:        1100
 Time:    1.3924858016480752E-009  sec.

 Nloop :        1200 Time:    1.4835565683801556E-009  sec.
 KMC STEP:        1200
 Time:    1.4835565683801556E-009  sec.

 Nloop :        1300 Time:    1.5817770739529620E-009  sec.
 KMC STEP:        1300
 Time:    1.5817770739529620E-009  sec.

 Nloop :        1400 Time:    1.6750855710571848E-009  sec.
 KMC STEP:        1400
 Time:    1.6750855710571848E-009  sec.

 Nloop :        1500 Time:    1.7526248055680838E-009  sec.
 KMC STEP:        1500
 Time:    1.7526248055680838E-009  sec.

 Nloop :        1600 Time:    1.8451671251407428E-009  sec.
 KMC STEP:        1600
 Time:    1.8451671251407428E-009  sec.

 Nloop :        1700 Time:    1.9467448241617229E-009  sec.
 KMC STEP:        1700
 Time:    1.9467448241617229E-009  sec.

 Nloop :        1800 Time:    2.0378016651390648E-009  sec.
 KMC STEP:        1800
 Time:    2.0378016651390648E-009  sec.

 Nloop :        1900 Time:    2.1199815816175281E-009  sec.
 KMC STEP:        1900
 Time:    2.1199815816175281E-009  sec.

 Nloop :        2000 Time:    2.2217951540048363E-009  sec.
 KMC STEP:        2000
 Time:    2.2217951540048363E-009  sec.

 Nloop :        2100 Time:    2.3174012444955546E-009  sec.
 KMC STEP:        2100
 Time:    2.3174012444955546E-009  sec.

 Nloop :        2200 Time:    2.4081017583624739E-009  sec.
 KMC STEP:        2200
 Time:    2.4081017583624739E-009  sec.

 Nloop :        2300 Time:    2.5008137301661496E-009  sec.
 KMC STEP:        2300
 Time:    2.5008137301661496E-009  sec.

 Nloop :        2400 Time:    2.5913291381096539E-009  sec.
 KMC STEP:        2400
 Time:    2.5913291381096539E-009  sec.

 Nloop :        2500 Time:    2.6623534683969268E-009  sec.
 KMC STEP:        2500
 Time:    2.6623534683969268E-009  sec.

 Nloop :        2600 Time:    2.7433928158911049E-009  sec.
 KMC STEP:        2600
 Time:    2.7433928158911049E-009  sec.

 Nloop :        2700 Time:    2.8290481805140647E-009  sec.
 KMC STEP:        2700
 Time:    2.8290481805140647E-009  sec.

 Nloop :        2800 Time:    2.9279648440264405E-009  sec.
 KMC STEP:        2800
 Time:    2.9279648440264405E-009  sec.

 Nloop :        2900 Time:    2.9948285264417568E-009  sec.
 KMC STEP:        2900
 Time:    2.9948285264417568E-009  sec.

 Nloop :        3000 Time:    3.0646037896527956E-009  sec.
 KMC STEP:        3000
 Time:    3.0646037896527956E-009  sec.

 Nloop :        3100 Time:    3.1030385079319888E-009  sec.
 KMC STEP:        3100
 Time:    3.1030385079319888E-009  sec.

 Nloop :        3200 Time:    3.1513950761707387E-009  sec.
 KMC STEP:        3200
 Time:    3.1513950761707387E-009  sec.

 Nloop :        3300 Time:    3.1996204209789037E-009  sec.
 KMC STEP:        3300
 Time:    3.1996204209789037E-009  sec.

 Nloop :        3400 Time:    3.2378216345274721E-009  sec.
 KMC STEP:        3400
 Time:    3.2378216345274721E-009  sec.

 Nloop :        3500 Time:    3.2872460426889838E-009  sec.
 KMC STEP:        3500
 Time:    3.2872460426889838E-009  sec.

 Nloop :        3600 Time:    3.3314584929568660E-009  sec.
 KMC STEP:        3600
 Time:    3.3314584929568660E-009  sec.

 Nloop :        3700 Time:    3.3804400593439790E-009  sec.
 KMC STEP:        3700
 Time:    3.3804400593439790E-009  sec.

 Nloop :        3800 Time:    3.4122270559348189E-009  sec.
 KMC STEP:        3800
 Time:    3.4122270559348189E-009  sec.

 Nloop :        3900 Time:    3.4410546592814082E-009  sec.
 KMC STEP:        3900
 Time:    3.4410546592814082E-009  sec.

 Nloop :        4000 Time:    3.4687456194275893E-009  sec.
 KMC STEP:        4000
 Time:    3.4687456194275893E-009  sec.

 Nloop :        4100 Time:    3.4981434217500470E-009  sec.
 KMC STEP:        4100
 Time:    3.4981434217500470E-009  sec.

 Nloop :        4200 Time:    3.5319176003078282E-009  sec.
 KMC STEP:        4200
 Time:    3.5319176003078282E-009  sec.

 Nloop :        4300 Time:    3.5649148511417774E-009  sec.
 KMC STEP:        4300
 Time:    3.5649148511417774E-009  sec.

 Nloop :        4400 Time:    3.5940470940673596E-009  sec.
 KMC STEP:        4400
 Time:    3.5940470940673596E-009  sec.

 Nloop :        4500 Time:    3.6263011846708702E-009  sec.
 KMC STEP:        4500
 Time:    3.6263011846708702E-009  sec.

 Nloop :        4600 Time:    3.6547212670252857E-009  sec.
 KMC STEP:        4600
 Time:    3.6547212670252857E-009  sec.

 Nloop :        4700 Time:    3.6830558672703312E-009  sec.
 KMC STEP:        4700
 Time:    3.6830558672703312E-009  sec.

 Nloop :        4800 Time:    3.7129891611751548E-009  sec.
 KMC STEP:        4800
 Time:    3.7129891611751548E-009  sec.

 Nloop :        4900 Time:    3.7461792628917366E-009  sec.
 KMC STEP:        4900
 Time:    3.7461792628917366E-009  sec.

 Nloop :        5000 Time:    3.7775396564204540E-009  sec.
 KMC STEP:        5000
 Time:    3.7775396564204540E-009  sec.

 Nloop :        5100 Time:    3.8079028572256771E-009  sec.
 KMC STEP:        5100
 Time:    3.8079028572256771E-009  sec.

 Nloop :        5200 Time:    3.8364391114120862E-009  sec.
 KMC STEP:        5200
 Time:    3.8364391114120862E-009  sec.

 Nloop :        5300 Time:    3.8666671251936746E-009  sec.
 KMC STEP:        5300
 Time:    3.8666671251936746E-009  sec.

 Nloop :        5400 Time:    3.8961492297308484E-009  sec.
 KMC STEP:        5400
 Time:    3.8961492297308484E-009  sec.

 Nloop :        5500 Time:    3.9259304004284961E-009  sec.
 KMC STEP:        5500
 Time:    3.9259304004284961E-009  sec.

 Nloop :        5600 Time:    3.9574667813460864E-009  sec.
 KMC STEP:        5600
 Time:    3.9574667813460864E-009  sec.

 Nloop :        5700 Time:    3.9852578197033893E-009  sec.
 KMC STEP:        5700
 Time:    3.9852578197033893E-009  sec.

 Nloop :        5800 Time:    4.0161167895147622E-009  sec.
 KMC STEP:        5800
 Time:    4.0161167895147622E-009  sec.

 Nloop :        5900 Time:    4.0453114299693765E-009  sec.
 KMC STEP:        5900
 Time:    4.0453114299693765E-009  sec.

 Nloop :        6000 Time:    4.0763180716566440E-009  sec.
 KMC STEP:        6000
 Time:    4.0763180716566440E-009  sec.

 Nloop :        6100 Time:    4.1061359043683375E-009  sec.
 KMC STEP:        6100
 Time:    4.1061359043683375E-009  sec.

 Nloop :        6200 Time:    4.1334995558211803E-009  sec.
 KMC STEP:        6200
 Time:    4.1334995558211803E-009  sec.

 Nloop :        6300 Time:    4.1644018566019700E-009  sec.
 KMC STEP:        6300
 Time:    4.1644018566019700E-009  sec.

 Nloop :        6400 Time:    4.1947372640480434E-009  sec.
 KMC STEP:        6400
 Time:    4.1947372640480434E-009  sec.

 Nloop :        6500 Time:    4.2297860369009028E-009  sec.
 KMC STEP:        6500
 Time:    4.2297860369009028E-009  sec.

 Nloop :        6600 Time:    4.2584416103796453E-009  sec.
 KMC STEP:        6600
 Time:    4.2584416103796453E-009  sec.

 Nloop :        6700 Time:    4.2921081839520867E-009  sec.
 KMC STEP:        6700
 Time:    4.2921081839520867E-009  sec.

 Nloop :        6800 Time:    4.3198449397156107E-009  sec.
 KMC STEP:        6800
 Time:    4.3198449397156107E-009  sec.

 Nloop :        6900 Time:    4.3531806423036864E-009  sec.
 KMC STEP:        6900
 Time:    4.3531806423036864E-009  sec.

 Nloop :        7000 Time:    4.3860498994087567E-009  sec.
 KMC STEP:        7000
 Time:    4.3860498994087567E-009  sec.

 Nloop :        7100 Time:    4.4097206140124831E-009  sec.
 KMC STEP:        7100
 Time:    4.4097206140124831E-009  sec.

 Nloop :        7200 Time:    4.4396523846074505E-009  sec.
 KMC STEP:        7200
 Time:    4.4396523846074505E-009  sec.

 Nloop :        7300 Time:    4.4700919055704386E-009  sec.
 KMC STEP:        7300
 Time:    4.4700919055704386E-009  sec.

 Nloop :        7400 Time:    4.5073471736020032E-009  sec.
 KMC STEP:        7400
 Time:    4.5073471736020032E-009  sec.

 Nloop :        7500 Time:    4.5373869655682518E-009  sec.
 KMC STEP:        7500
 Time:    4.5373869655682518E-009  sec.

 Nloop :        7600 Time:    4.5657973850338742E-009  sec.
 KMC STEP:        7600
 Time:    4.5657973850338742E-009  sec.

 Nloop :        7700 Time:    4.5916112825848645E-009  sec.
 KMC STEP:        7700
 Time:    4.5916112825848645E-009  sec.

 Nloop :        7800 Time:    4.6129861903538261E-009  sec.
 KMC STEP:        7800
 Time:    4.6129861903538261E-009  sec.

 Nloop :        7900 Time:    4.6329734377906105E-009  sec.
 KMC STEP:        7900
 Time:    4.6329734377906105E-009  sec.

 Nloop :        8000 Time:    4.6600154955306274E-009  sec.
 KMC STEP:        8000
 Time:    4.6600154955306274E-009  sec.

 Nloop :        8100 Time:    4.6829275223062286E-009  sec.
 KMC STEP:        8100
 Time:    4.6829275223062286E-009  sec.

 Nloop :        8200 Time:    4.7072010736641426E-009  sec.
 KMC STEP:        8200
 Time:    4.7072010736641426E-009  sec.

 Nloop :        8300 Time:    4.7285198209523332E-009  sec.
 KMC STEP:        8300
 Time:    4.7285198209523332E-009  sec.

 Nloop :        8400 Time:    4.7528695405508199E-009  sec.
 KMC STEP:        8400
 Time:    4.7528695405508199E-009  sec.

 Nloop :        8500 Time:    4.7757904126744909E-009  sec.
 KMC STEP:        8500
 Time:    4.7757904126744909E-009  sec.

 Nloop :        8600 Time:    4.8013664453694525E-009  sec.
 KMC STEP:        8600
 Time:    4.8013664453694525E-009  sec.

 Nloop :        8700 Time:    4.8267718529107733E-009  sec.
 KMC STEP:        8700
 Time:    4.8267718529107733E-009  sec.

 Nloop :        8800 Time:    4.8498472777843893E-009  sec.
 KMC STEP:        8800
 Time:    4.8498472777843893E-009  sec.

 Nloop :        8900 Time:    4.8710862641181231E-009  sec.
 KMC STEP:        8900
 Time:    4.8710862641181231E-009  sec.

 Nloop :        9000 Time:    4.8947807915781869E-009  sec.
 KMC STEP:        9000
 Time:    4.8947807915781869E-009  sec.

 Nloop :        9100 Time:    4.9145548771420128E-009  sec.
 KMC STEP:        9100
 Time:    4.9145548771420128E-009  sec.

 Nloop :        9200 Time:    4.9384557909165517E-009  sec.
 KMC STEP:        9200
 Time:    4.9384557909165517E-009  sec.

 Nloop :        9300 Time:    4.9639425839732670E-009  sec.
 KMC STEP:        9300
 Time:    4.9639425839732670E-009  sec.

 Nloop :        9400 Time:    4.9882738956105117E-009  sec.
 KMC STEP:        9400
 Time:    4.9882738956105117E-009  sec.
